$ ansible-playbook -i inventory/local.ini server-setup.yml

PLAY [Set up a LAMP server] *******************************************************************************************************************************************************

TASK [Gathering Facts] ************************************************************************************************************************************************************
ok: [web-01.domain.tld]

TASK [common : Install common packages] *******************************************************************************************************************************************
ok: [web-01.domain.tld]

TASK [common : Remove Apache] *****************************************************************************************************************************************************
ok: [web-01.domain.tld]

TASK [common : Allow connections through firewall] ********************************************************************************************************************************
ok: [web-01.domain.tld] => (item=80)
ok: [web-01.domain.tld] => (item=443)

TASK [user-accounts : Create application user account] ****************************************************************************************************************************
ok: [web-01.domain.tld]

TASK [user-accounts : Set authorized keys taken from url] *************************************************************************************************************************
ok: [web-01.domain.tld]

TASK [application : Create the application path if it does not exist] *************************************************************************************************************
changed: [web-01.domain.tld]

TASK [application : Set PHP file] *************************************************************************************************************************************************
changed: [web-01.domain.tld]

TASK [php : Add ppa:ondrej/php] ***************************************************************************************************************************************************
ok: [web-01.domain.tld]

TASK [php : Install PHP Packages] *************************************************************************************************************************************************
ok: [web-01.domain.tld]

TASK [php : include_tasks] ********************************************************************************************************************************************************
included: AnsibleInPractice/ansible/roles/php/tasks/setup-cli-php-ini.yml for web-01.domain.tld

TASK [php : Set error_reporting on CLI] *******************************************************************************************************************************************
ok: [web-01.domain.tld]

TASK [php : Set display_errors on CLI] ********************************************************************************************************************************************
ok: [web-01.domain.tld]

TASK [php : Set memory_limit on CLI] **********************************************************************************************************************************************
ok: [web-01.domain.tld]

TASK [php : Set timezone on CLI] **************************************************************************************************************************************************
ok: [web-01.domain.tld]

TASK [php : include_tasks] ********************************************************************************************************************************************************
included: AnsibleInPractice/ansible/roles/php/tasks/setup-fpm-php-ini.yml for web-01.domain.tld

TASK [php : Set error_reporting on FPM] *******************************************************************************************************************************************
ok: [web-01.domain.tld]

TASK [php : Set display_errors on FPM] ********************************************************************************************************************************************
ok: [web-01.domain.tld]

TASK [php : Set cgi.fix_pathinfo on FPM] ******************************************************************************************************************************************
ok: [web-01.domain.tld]

TASK [php : Set upload_max_filesize on FPM] ***************************************************************************************************************************************
ok: [web-01.domain.tld]

TASK [php : Set post_max_size on FPM] *********************************************************************************************************************************************
ok: [web-01.domain.tld]

TASK [php : Set date.timezone on FPM] *********************************************************************************************************************************************
ok: [web-01.domain.tld]

TASK [php : include_tasks] ********************************************************************************************************************************************************
included: AnsibleInPractice/ansible/roles/php/tasks/setup-extensions.yml for web-01.domain.tld

TASK [php : Set our xdebug FPM ini] ***********************************************************************************************************************************************
ok: [web-01.domain.tld]

TASK [php : Set our opcache FPM ini] **********************************************************************************************************************************************
ok: [web-01.domain.tld]

TASK [nginx : Install nginx] ******************************************************************************************************************************************************
ok: [web-01.domain.tld]

TASK [nginx : add the app user to www-data group] *********************************************************************************************************************************
ok: [web-01.domain.tld]

TASK [nginx : Disable Default nginx Site] *****************************************************************************************************************************************
ok: [web-01.domain.tld]

TASK [nginx : Remove Default nginx Site] ******************************************************************************************************************************************
ok: [web-01.domain.tld]

TASK [nginx : Set Nginx fastcgi_params] *******************************************************************************************************************************************
ok: [web-01.domain.tld]

TASK [nginx : Setup nginx user to our appuser] ************************************************************************************************************************************
ok: [web-01.domain.tld]

TASK [nginx : Setup www-data user to our appuser] *********************************************************************************************************************************
ok: [web-01.domain.tld]

TASK [nginx : Setup www-data group to our appuser] ********************************************************************************************************************************
ok: [web-01.domain.tld]

TASK [nginx : Setup www-data user to our appuser] *********************************************************************************************************************************
ok: [web-01.domain.tld]

TASK [nginx : Set permissions on PHP's sock file just in case] ********************************************************************************************************************
ok: [web-01.domain.tld]

TASK [nginx : Setup www-data group to our appuser] ********************************************************************************************************************************
ok: [web-01.domain.tld]

TASK [nginx : Setup our application virtualhost file] *****************************************************************************************************************************
ok: [web-01.domain.tld]

TASK [mysql : Install mysql-server] ***********************************************************************************************************************************************
ok: [web-01.domain.tld]

TASK [mysql : Configure MySQL Password Lifetime] **********************************************************************************************************************************
ok: [web-01.domain.tld]

TASK [mysql : Set my.cnf for Application User] ************************************************************************************************************************************
ok: [web-01.domain.tld]

TASK [mysql : Configure MySQL Remote Access] **************************************************************************************************************************************
ok: [web-01.domain.tld]

TASK [mysql : Create a new database] **********************************************************************************************************************************************
ok: [web-01.domain.tld]

TASK [mysql : Create a mysql user] ************************************************************************************************************************************************
changed: [web-01.domain.tld]

TASK [mysql : Removes anonymous user account for localhost] ***********************************************************************************************************************
ok: [web-01.domain.tld]

PLAY RECAP ************************************************************************************************************************************************************************
web-01.domain.tld          : ok=44   changed=3    unreachable=0    failed=0    skipped=0    rescued=0    ignored=0